Using pre-set license
Built from '2020.2/staging' branch; Version is '2020.2.3f1 (8ff31bc5bf5b) revision 9433883'; Using compiler version '192528614'; Build Type 'Release'
OS: 'Windows 10 Home; OS build 18363.1556; Version 1909; 64bit' Language: 'en' Physical Memory: 32696 MB
BatchMode: 1, IsHumanControllingUs: 0, StartBugReporterOnCrash: 0, Is64bit: 1, IsPro: 0

 COMMAND LINE ARGUMENTS:
C:\Program Files\Unity\Hub\Editor\2020.2.3f1\Editor\Unity.exe
-adb2
-batchMode
-noUpm
-name
AssetImportWorker1
-projectPath
D:/Unity/Unity 2D - New 2021/2DPlatformer/2D Platformer
-logFile
Logs/AssetImportWorker1.log
-srvPort
59600
Successfully changed project path to: D:/Unity/Unity 2D - New 2021/2DPlatformer/2D Platformer
D:/Unity/Unity 2D - New 2021/2DPlatformer/2D Platformer
Using Asset Import Pipeline V2.
Refreshing native plugins compatible for Editor in 64.61 ms, found 1 plugins.
Preloading 0 native plugins for Editor in 0.00 ms.
Initialize engine version: 2020.2.3f1 (8ff31bc5bf5b)
[Subsystems] Discovering subsystems at path C:/Program Files/Unity/Hub/Editor/2020.2.3f1/Editor/Data/Resources/UnitySubsystems
[Subsystems] Discovering subsystems at path D:/Unity/Unity 2D - New 2021/2DPlatformer/2D Platformer/Assets
GfxDevice: creating device client; threaded=0
Direct3D:
    Version:  Direct3D 11.0 [level 11.1]
    Renderer: Radeon RX 580 Series (ID=0x67df)
    Vendor:   
    VRAM:     8171 MB
    Driver:   30.0.13025.1000
Initialize mono
Mono path[0] = 'C:/Program Files/Unity/Hub/Editor/2020.2.3f1/Editor/Data/Managed'
Mono path[1] = 'C:/Program Files/Unity/Hub/Editor/2020.2.3f1/Editor/Data/MonoBleedingEdge/lib/mono/unityjit'
Mono config path = 'C:/Program Files/Unity/Hub/Editor/2020.2.3f1/Editor/Data/MonoBleedingEdge/etc'
Using monoOptions --debugger-agent=transport=dt_socket,embedding=1,server=y,suspend=n,address=127.0.0.1:56060
Begin MonoManager ReloadAssembly
Registering precompiled unity dll's ...
Register platform support module: C:/Program Files/Unity/Hub/Editor/2020.2.3f1/Editor/Data/PlaybackEngines/WindowsStandaloneSupport/UnityEditor.WindowsStandalone.Extensions.dll
Registered in 0.002508 seconds.
Native extension for WindowsStandalone target not found
Refreshing native plugins compatible for Editor in 62.78 ms, found 1 plugins.
Preloading 0 native plugins for Editor in 0.00 ms.
Invoked RoslynAnalysisRunner static constructor.
RoslynAnalysisRunner will not be running.
RoslynAnalysisRunner has terminated.
Mono: successfully reloaded assembly
- Completed reload, in  2.217 seconds
Platform modules already initialized, skipping
Registering precompiled user dll's ...
Registered in 0.001197 seconds.
Begin MonoManager ReloadAssembly
Native extension for WindowsStandalone target not found
Refreshing native plugins compatible for Editor in 66.85 ms, found 1 plugins.
Preloading 0 native plugins for Editor in 0.00 ms.
Invoked RoslynAnalysisRunner static constructor.
RoslynAnalysisRunner will not be running.
RoslynAnalysisRunner has terminated.
Mono: successfully reloaded assembly
- Completed reload, in  1.185 seconds
Platform modules already initialized, skipping
========================================================================
Worker process is ready to serve import requests
Launched and connected shader compiler UnityShaderCompiler.exe after 0.08 seconds
Refreshing native plugins compatible for Editor in 0.59 ms, found 1 plugins.
Preloading 0 native plugins for Editor in 0.00 ms.
Unloading 2241 Unused Serialized files (Serialized files now loaded: 0)
System memory in use before: 115.2 MB.
System memory in use after: 115.2 MB.

Unloading 26 unused Assets to reduce memory usage. Loaded Objects now: 2702.
Total: 2.464600 ms (FindLiveObjects: 0.272700 ms CreateObjectMapping: 0.075100 ms MarkObjects: 1.981400 ms  DeleteObjects: 0.134200 ms)

========================================================================
Received Import Request.
  path: Assets/Prefabs/Coin.prefab
  artifactKey: Guid(ed7ba70acbeffca43b9dc684e8bb00ca) Importer(815301076,1909f56bfc062723c751e8b465ee728b)
Start importing Assets/Prefabs/Coin.prefab using Guid(ed7ba70acbeffca43b9dc684e8bb00ca) Importer(815301076,1909f56bfc062723c751e8b465ee728b)  -> (artifact id: '17b4b24fb5940b391379d6cced6f6f2c') in 0.125109 seconds
  Import took 0.128986 seconds .

========================================================================
Received Import Request.
  Time since last request: 21.679905 seconds.
  path: Assets/Prefabs/Coin.prefab
  artifactKey: Guid(ed7ba70acbeffca43b9dc684e8bb00ca) Importer(815301076,1909f56bfc062723c751e8b465ee728b)
Start importing Assets/Prefabs/Coin.prefab using Guid(ed7ba70acbeffca43b9dc684e8bb00ca) Importer(815301076,1909f56bfc062723c751e8b465ee728b)  -> (artifact id: '16a1800f36f7c8551f7d270a61a28c54') in 0.017614 seconds
  Import took 0.021474 seconds .

========================================================================
Received Prepare
Registering precompiled user dll's ...
Registered in 0.001284 seconds.
Begin MonoManager ReloadAssembly
Native extension for WindowsStandalone target not found
Refreshing native plugins compatible for Editor in 0.65 ms, found 1 plugins.
Preloading 0 native plugins for Editor in 0.00 ms.
Invoked RoslynAnalysisRunner static constructor.
RoslynAnalysisRunner will not be running.
RoslynAnalysisRunner has terminated.
Mono: successfully reloaded assembly
- Completed reload, in  1.008 seconds
Platform modules already initialized, skipping
Refreshing native plugins compatible for Editor in 0.58 ms, found 1 plugins.
Preloading 0 native plugins for Editor in 0.00 ms.
Unloading 2233 Unused Serialized files (Serialized files now loaded: 0)
System memory in use before: 118.1 MB.
System memory in use after: 118.1 MB.

Unloading 13 unused Assets to reduce memory usage. Loaded Objects now: 2712.
Total: 2.379000 ms (FindLiveObjects: 0.248600 ms CreateObjectMapping: 0.060000 ms MarkObjects: 1.952100 ms  DeleteObjects: 0.117100 ms)

========================================================================
Received Prepare
Registering precompiled user dll's ...
Registered in 0.001276 seconds.
Begin MonoManager ReloadAssembly
Native extension for WindowsStandalone target not found
Refreshing native plugins compatible for Editor in 0.58 ms, found 1 plugins.
Preloading 0 native plugins for Editor in 0.00 ms.
Invoked RoslynAnalysisRunner static constructor.
RoslynAnalysisRunner will not be running.
RoslynAnalysisRunner has terminated.
Mono: successfully reloaded assembly
- Completed reload, in  1.011 seconds
Platform modules already initialized, skipping
Refreshing native plugins compatible for Editor in 0.58 ms, found 1 plugins.
Preloading 0 native plugins for Editor in 0.00 ms.
Unloading 2233 Unused Serialized files (Serialized files now loaded: 0)
System memory in use before: 118.2 MB.
System memory in use after: 118.2 MB.

Unloading 13 unused Assets to reduce memory usage. Loaded Objects now: 2715.
Total: 2.753800 ms (FindLiveObjects: 0.358600 ms CreateObjectMapping: 0.087100 ms MarkObjects: 2.179300 ms  DeleteObjects: 0.127700 ms)

========================================================================
Received Prepare
Registering precompiled user dll's ...
Registered in 0.001275 seconds.
Begin MonoManager ReloadAssembly
Native extension for WindowsStandalone target not found
Refreshing native plugins compatible for Editor in 0.59 ms, found 1 plugins.
Preloading 0 native plugins for Editor in 0.00 ms.
Invoked RoslynAnalysisRunner static constructor.
RoslynAnalysisRunner will not be running.
RoslynAnalysisRunner has terminated.
Mono: successfully reloaded assembly
- Completed reload, in  0.999 seconds
Platform modules already initialized, skipping
Refreshing native plugins compatible for Editor in 0.56 ms, found 1 plugins.
Preloading 0 native plugins for Editor in 0.00 ms.
Unloading 2233 Unused Serialized files (Serialized files now loaded: 0)
System memory in use before: 118.2 MB.
System memory in use after: 118.2 MB.

Unloading 13 unused Assets to reduce memory usage. Loaded Objects now: 2718.
Total: 2.394400 ms (FindLiveObjects: 0.240000 ms CreateObjectMapping: 0.059100 ms MarkObjects: 1.970700 ms  DeleteObjects: 0.123500 ms)

========================================================================
Received Prepare
Registering precompiled user dll's ...
Registered in 0.001263 seconds.
Begin MonoManager ReloadAssembly
Native extension for WindowsStandalone target not found
Refreshing native plugins compatible for Editor in 0.58 ms, found 1 plugins.
Preloading 0 native plugins for Editor in 0.00 ms.
Invoked RoslynAnalysisRunner static constructor.
RoslynAnalysisRunner will not be running.
RoslynAnalysisRunner has terminated.
Mono: successfully reloaded assembly
- Completed reload, in  0.992 seconds
Platform modules already initialized, skipping
Refreshing native plugins compatible for Editor in 0.59 ms, found 1 plugins.
Preloading 0 native plugins for Editor in 0.00 ms.
Unloading 2233 Unused Serialized files (Serialized files now loaded: 0)
System memory in use before: 118.2 MB.
System memory in use after: 118.2 MB.

Unloading 13 unused Assets to reduce memory usage. Loaded Objects now: 2721.
Total: 2.429600 ms (FindLiveObjects: 0.254000 ms CreateObjectMapping: 0.058600 ms MarkObjects: 1.984500 ms  DeleteObjects: 0.131500 ms)

========================================================================
Received Prepare
Registering precompiled user dll's ...
Registered in 0.001293 seconds.
Begin MonoManager ReloadAssembly
Native extension for WindowsStandalone target not found
Refreshing native plugins compatible for Editor in 0.58 ms, found 1 plugins.
Preloading 0 native plugins for Editor in 0.00 ms.
Invoked RoslynAnalysisRunner static constructor.
RoslynAnalysisRunner will not be running.
RoslynAnalysisRunner has terminated.
Mono: successfully reloaded assembly
- Completed reload, in  0.993 seconds
Platform modules already initialized, skipping
Refreshing native plugins compatible for Editor in 0.57 ms, found 1 plugins.
Preloading 0 native plugins for Editor in 0.00 ms.
Unloading 2233 Unused Serialized files (Serialized files now loaded: 0)
System memory in use before: 118.3 MB.
System memory in use after: 118.4 MB.

Unloading 13 unused Assets to reduce memory usage. Loaded Objects now: 2724.
Total: 2.371600 ms (FindLiveObjects: 0.244800 ms CreateObjectMapping: 0.060400 ms MarkObjects: 1.942100 ms  DeleteObjects: 0.123300 ms)

========================================================================
Received Prepare
Registering precompiled user dll's ...
Registered in 0.001330 seconds.
Begin MonoManager ReloadAssembly
Native extension for WindowsStandalone target not found
Refreshing native plugins compatible for Editor in 0.67 ms, found 1 plugins.
Preloading 0 native plugins for Editor in 0.00 ms.
Invoked RoslynAnalysisRunner static constructor.
RoslynAnalysisRunner will not be running.
RoslynAnalysisRunner has terminated.
Mono: successfully reloaded assembly
- Completed reload, in  0.988 seconds
Platform modules already initialized, skipping
Refreshing native plugins compatible for Editor in 0.57 ms, found 1 plugins.
Preloading 0 native plugins for Editor in 0.00 ms.
Unloading 2233 Unused Serialized files (Serialized files now loaded: 0)
System memory in use before: 118.3 MB.
System memory in use after: 118.4 MB.

Unloading 13 unused Assets to reduce memory usage. Loaded Objects now: 2727.
Total: 2.437200 ms (FindLiveObjects: 0.275900 ms CreateObjectMapping: 0.065400 ms MarkObjects: 1.966100 ms  DeleteObjects: 0.128700 ms)

========================================================================
Received Prepare
Registering precompiled user dll's ...
Registered in 0.001265 seconds.
Begin MonoManager ReloadAssembly
Native extension for WindowsStandalone target not found
Refreshing native plugins compatible for Editor in 0.58 ms, found 1 plugins.
Preloading 0 native plugins for Editor in 0.00 ms.
Invoked RoslynAnalysisRunner static constructor.
RoslynAnalysisRunner will not be running.
RoslynAnalysisRunner has terminated.
Mono: successfully reloaded assembly
- Completed reload, in  0.989 seconds
Platform modules already initialized, skipping
Refreshing native plugins compatible for Editor in 0.56 ms, found 1 plugins.
Preloading 0 native plugins for Editor in 0.00 ms.
Unloading 2233 Unused Serialized files (Serialized files now loaded: 0)
System memory in use before: 118.4 MB.
System memory in use after: 118.5 MB.

Unloading 13 unused Assets to reduce memory usage. Loaded Objects now: 2730.
Total: 2.452400 ms (FindLiveObjects: 0.257100 ms CreateObjectMapping: 0.062800 ms MarkObjects: 1.999000 ms  DeleteObjects: 0.132700 ms)

========================================================================
Received Prepare
Registering precompiled user dll's ...
Registered in 0.001293 seconds.
Begin MonoManager ReloadAssembly
Native extension for WindowsStandalone target not found
Refreshing native plugins compatible for Editor in 0.58 ms, found 1 plugins.
Preloading 0 native plugins for Editor in 0.00 ms.
Invoked RoslynAnalysisRunner static constructor.
RoslynAnalysisRunner will not be running.
RoslynAnalysisRunner has terminated.
Mono: successfully reloaded assembly
- Completed reload, in  0.989 seconds
Platform modules already initialized, skipping
Refreshing native plugins compatible for Editor in 0.69 ms, found 1 plugins.
Preloading 0 native plugins for Editor in 0.00 ms.
Unloading 2233 Unused Serialized files (Serialized files now loaded: 0)
System memory in use before: 118.4 MB.
System memory in use after: 118.5 MB.

Unloading 13 unused Assets to reduce memory usage. Loaded Objects now: 2733.
Total: 2.477400 ms (FindLiveObjects: 0.267500 ms CreateObjectMapping: 0.066600 ms MarkObjects: 2.014500 ms  DeleteObjects: 0.127600 ms)

========================================================================
Received Prepare
Registering precompiled user dll's ...
Registered in 0.001269 seconds.
Begin MonoManager ReloadAssembly
Native extension for WindowsStandalone target not found
Refreshing native plugins compatible for Editor in 0.58 ms, found 1 plugins.
Preloading 0 native plugins for Editor in 0.00 ms.
Invoked RoslynAnalysisRunner static constructor.
RoslynAnalysisRunner will not be running.
RoslynAnalysisRunner has terminated.
Mono: successfully reloaded assembly
- Completed reload, in  0.999 seconds
Platform modules already initialized, skipping
Refreshing native plugins compatible for Editor in 0.57 ms, found 1 plugins.
Preloading 0 native plugins for Editor in 0.00 ms.
Unloading 2233 Unused Serialized files (Serialized files now loaded: 0)
System memory in use before: 118.4 MB.
System memory in use after: 118.5 MB.

Unloading 13 unused Assets to reduce memory usage. Loaded Objects now: 2736.
Total: 2.408100 ms (FindLiveObjects: 0.265900 ms CreateObjectMapping: 0.063500 ms MarkObjects: 1.950700 ms  DeleteObjects: 0.126800 ms)

========================================================================
Received Prepare
Registering precompiled user dll's ...
Registered in 0.001410 seconds.
Begin MonoManager ReloadAssembly
Native extension for WindowsStandalone target not found
Refreshing native plugins compatible for Editor in 0.62 ms, found 1 plugins.
Preloading 0 native plugins for Editor in 0.00 ms.
Invoked RoslynAnalysisRunner static constructor.
RoslynAnalysisRunner will not be running.
RoslynAnalysisRunner has terminated.
Mono: successfully reloaded assembly
- Completed reload, in  0.988 seconds
Platform modules already initialized, skipping
Refreshing native plugins compatible for Editor in 0.57 ms, found 1 plugins.
Preloading 0 native plugins for Editor in 0.00 ms.
Unloading 2233 Unused Serialized files (Serialized files now loaded: 0)
System memory in use before: 118.4 MB.
System memory in use after: 118.5 MB.

Unloading 13 unused Assets to reduce memory usage. Loaded Objects now: 2739.
Total: 2.424400 ms (FindLiveObjects: 0.244600 ms CreateObjectMapping: 0.062200 ms MarkObjects: 1.991600 ms  DeleteObjects: 0.125000 ms)

========================================================================
Received Prepare
Registering precompiled user dll's ...
Registered in 0.001295 seconds.
Begin MonoManager ReloadAssembly
Native extension for WindowsStandalone target not found
Refreshing native plugins compatible for Editor in 0.58 ms, found 1 plugins.
Preloading 0 native plugins for Editor in 0.00 ms.
Invoked RoslynAnalysisRunner static constructor.
RoslynAnalysisRunner will not be running.
RoslynAnalysisRunner has terminated.
Mono: successfully reloaded assembly
- Completed reload, in  1.018 seconds
Platform modules already initialized, skipping
Refreshing native plugins compatible for Editor in 0.57 ms, found 1 plugins.
Preloading 0 native plugins for Editor in 0.00 ms.
Unloading 2233 Unused Serialized files (Serialized files now loaded: 0)
System memory in use before: 118.4 MB.
System memory in use after: 118.5 MB.

Unloading 13 unused Assets to reduce memory usage. Loaded Objects now: 2742.
Total: 2.371100 ms (FindLiveObjects: 0.246600 ms CreateObjectMapping: 0.062300 ms MarkObjects: 1.932700 ms  DeleteObjects: 0.128400 ms)

========================================================================
Received Prepare
Registering precompiled user dll's ...
Registered in 0.001307 seconds.
Begin MonoManager ReloadAssembly
Native extension for WindowsStandalone target not found
Refreshing native plugins compatible for Editor in 0.59 ms, found 1 plugins.
Preloading 0 native plugins for Editor in 0.00 ms.
Invoked RoslynAnalysisRunner static constructor.
RoslynAnalysisRunner will not be running.
RoslynAnalysisRunner has terminated.
Mono: successfully reloaded assembly
- Completed reload, in  1.009 seconds
Platform modules already initialized, skipping
Refreshing native plugins compatible for Editor in 0.58 ms, found 1 plugins.
Preloading 0 native plugins for Editor in 0.00 ms.
Unloading 2233 Unused Serialized files (Serialized files now loaded: 0)
System memory in use before: 118.4 MB.
System memory in use after: 118.5 MB.

Unloading 13 unused Assets to reduce memory usage. Loaded Objects now: 2745.
Total: 2.403800 ms (FindLiveObjects: 0.249600 ms CreateObjectMapping: 0.061700 ms MarkObjects: 1.965900 ms  DeleteObjects: 0.125800 ms)

========================================================================
Received Prepare
Registering precompiled user dll's ...
Registered in 0.001419 seconds.
Begin MonoManager ReloadAssembly
Native extension for WindowsStandalone target not found
Refreshing native plugins compatible for Editor in 0.62 ms, found 1 plugins.
Preloading 0 native plugins for Editor in 0.00 ms.
Invoked RoslynAnalysisRunner static constructor.
RoslynAnalysisRunner will not be running.
RoslynAnalysisRunner has terminated.
Mono: successfully reloaded assembly
- Completed reload, in  0.990 seconds
Platform modules already initialized, skipping
Refreshing native plugins compatible for Editor in 0.57 ms, found 1 plugins.
Preloading 0 native plugins for Editor in 0.00 ms.
Unloading 2233 Unused Serialized files (Serialized files now loaded: 0)
System memory in use before: 118.4 MB.
System memory in use after: 118.5 MB.

Unloading 13 unused Assets to reduce memory usage. Loaded Objects now: 2748.
Total: 2.632300 ms (FindLiveObjects: 0.260900 ms CreateObjectMapping: 0.065200 ms MarkObjects: 2.173900 ms  DeleteObjects: 0.130400 ms)

========================================================================
Received Import Request.
  Time since last request: 541.246604 seconds.
  path: Assets/Prefabs/Campfire.prefab
  artifactKey: Guid(dacd7fd4367e31d478f096fff495d22a) Importer(815301076,1909f56bfc062723c751e8b465ee728b)
Start importing Assets/Prefabs/Campfire.prefab using Guid(dacd7fd4367e31d478f096fff495d22a) Importer(815301076,1909f56bfc062723c751e8b465ee728b)  -> (artifact id: '6baecf1ce2932c57201d53fcc2ac00e9') in 0.066827 seconds
  Import took 0.070646 seconds .

========================================================================
Received Prepare
Registering precompiled user dll's ...
Registered in 0.001406 seconds.
Begin MonoManager ReloadAssembly
Native extension for WindowsStandalone target not found
Refreshing native plugins compatible for Editor in 0.57 ms, found 1 plugins.
Preloading 0 native plugins for Editor in 0.00 ms.
Invoked RoslynAnalysisRunner static constructor.
RoslynAnalysisRunner will not be running.
RoslynAnalysisRunner has terminated.
Mono: successfully reloaded assembly
- Completed reload, in  0.984 seconds
Platform modules already initialized, skipping
Refreshing native plugins compatible for Editor in 0.61 ms, found 1 plugins.
Preloading 0 native plugins for Editor in 0.00 ms.
Unloading 2233 Unused Serialized files (Serialized files now loaded: 0)
System memory in use before: 118.4 MB.
System memory in use after: 118.5 MB.

Unloading 13 unused Assets to reduce memory usage. Loaded Objects now: 2752.
Total: 2.369400 ms (FindLiveObjects: 0.244600 ms CreateObjectMapping: 0.062700 ms MarkObjects: 1.934000 ms  DeleteObjects: 0.126800 ms)

========================================================================
Received Import Request.
  Time since last request: 117.178507 seconds.
  path: Assets/Scripts/FlyingMoivement.cs
  artifactKey: Guid(5b507b53c11b042409b3c454ddca1b4f) Importer(815301076,1909f56bfc062723c751e8b465ee728b)
Start importing Assets/Scripts/FlyingMoivement.cs using Guid(5b507b53c11b042409b3c454ddca1b4f) Importer(815301076,1909f56bfc062723c751e8b465ee728b)  -> (artifact id: '71c91dc85e701bfc17f1261e700f146e') in 0.055802 seconds
  Import took 0.060352 seconds .

========================================================================
Received Prepare
Registering precompiled user dll's ...
Registered in 0.001310 seconds.
Begin MonoManager ReloadAssembly
Native extension for WindowsStandalone target not found
Refreshing native plugins compatible for Editor in 0.83 ms, found 1 plugins.
Preloading 0 native plugins for Editor in 0.00 ms.
Invoked RoslynAnalysisRunner static constructor.
RoslynAnalysisRunner will not be running.
RoslynAnalysisRunner has terminated.
Mono: successfully reloaded assembly
- Completed reload, in  1.023 seconds
Platform modules already initialized, skipping
Refreshing native plugins compatible for Editor in 0.58 ms, found 1 plugins.
Preloading 0 native plugins for Editor in 0.00 ms.
Unloading 2234 Unused Serialized files (Serialized files now loaded: 0)
System memory in use before: 118.5 MB.
System memory in use after: 118.6 MB.

Unloading 13 unused Assets to reduce memory usage. Loaded Objects now: 2756.
Total: 2.404300 ms (FindLiveObjects: 0.269200 ms CreateObjectMapping: 0.062100 ms MarkObjects: 1.940600 ms  DeleteObjects: 0.131200 ms)

========================================================================
Received Prepare
Registering precompiled user dll's ...
Registered in 0.001277 seconds.
Begin MonoManager ReloadAssembly
Native extension for WindowsStandalone target not found
Refreshing native plugins compatible for Editor in 0.58 ms, found 1 plugins.
Preloading 0 native plugins for Editor in 0.00 ms.
Invoked RoslynAnalysisRunner static constructor.
RoslynAnalysisRunner will not be running.
RoslynAnalysisRunner has terminated.
Mono: successfully reloaded assembly
- Completed reload, in  0.994 seconds
Platform modules already initialized, skipping
Refreshing native plugins compatible for Editor in 0.57 ms, found 1 plugins.
Preloading 0 native plugins for Editor in 0.00 ms.
Unloading 2234 Unused Serialized files (Serialized files now loaded: 0)
System memory in use before: 118.5 MB.
System memory in use after: 118.6 MB.

Unloading 13 unused Assets to reduce memory usage. Loaded Objects now: 2759.
Total: 2.445000 ms (FindLiveObjects: 0.270300 ms CreateObjectMapping: 0.063000 ms MarkObjects: 1.976700 ms  DeleteObjects: 0.133900 ms)

========================================================================
Received Import Request.
  Time since last request: 73.088852 seconds.
  path: Assets/Scripts/FlyingMoivement.cs
  artifactKey: Guid(5b507b53c11b042409b3c454ddca1b4f) Importer(815301076,1909f56bfc062723c751e8b465ee728b)
Start importing Assets/Scripts/FlyingMoivement.cs using Guid(5b507b53c11b042409b3c454ddca1b4f) Importer(815301076,1909f56bfc062723c751e8b465ee728b)  -> (artifact id: '27d33952316a2093a490c014de343b65') in 0.005579 seconds
  Import took 0.009368 seconds .

========================================================================
Received Import Request.
  Time since last request: 86.039087 seconds.
  path: Assets/Scripts/NPCBlacksmith.cs
  artifactKey: Guid(5fcc67cabf4ba1f4b98fa7d595ff3188) Importer(815301076,1909f56bfc062723c751e8b465ee728b)
Start importing Assets/Scripts/NPCBlacksmith.cs using Guid(5fcc67cabf4ba1f4b98fa7d595ff3188) Importer(815301076,1909f56bfc062723c751e8b465ee728b)  -> (artifact id: '7596e94b012f5e5c75897272508bf9c8') in 0.008464 seconds
  Import took 0.012365 seconds .

========================================================================
Received Import Request.
  Time since last request: 25.884736 seconds.
  path: Assets/Scripts/FlyingMovement.cs
  artifactKey: Guid(5b507b53c11b042409b3c454ddca1b4f) Importer(815301076,1909f56bfc062723c751e8b465ee728b)
Start importing Assets/Scripts/FlyingMovement.cs using Guid(5b507b53c11b042409b3c454ddca1b4f) Importer(815301076,1909f56bfc062723c751e8b465ee728b)  -> (artifact id: '460bd4bafba9ace5d92789cdbd923b57') in 0.007991 seconds
  Import took 0.011674 seconds .

========================================================================
Received Prepare
Registering precompiled user dll's ...
Registered in 0.001280 seconds.
Begin MonoManager ReloadAssembly
Native extension for WindowsStandalone target not found
Refreshing native plugins compatible for Editor in 0.60 ms, found 1 plugins.
Preloading 0 native plugins for Editor in 0.00 ms.
Invoked RoslynAnalysisRunner static constructor.
RoslynAnalysisRunner will not be running.
RoslynAnalysisRunner has terminated.
Mono: successfully reloaded assembly
- Completed reload, in  0.992 seconds
Platform modules already initialized, skipping
Refreshing native plugins compatible for Editor in 0.58 ms, found 1 plugins.
Preloading 0 native plugins for Editor in 0.00 ms.
Unloading 2234 Unused Serialized files (Serialized files now loaded: 0)
System memory in use before: 118.6 MB.
System memory in use after: 118.7 MB.

Unloading 13 unused Assets to reduce memory usage. Loaded Objects now: 2762.
Total: 2.350400 ms (FindLiveObjects: 0.249400 ms CreateObjectMapping: 0.059900 ms MarkObjects: 1.913600 ms  DeleteObjects: 0.126800 ms)

========================================================================
Received Import Request.
  Time since last request: 104.581867 seconds.
  path: Assets/Animations/Misc/Bird/Bird.controller
  artifactKey: Guid(57d7147ade717f94c8e9f3637135f838) Importer(815301076,1909f56bfc062723c751e8b465ee728b)
Start importing Assets/Animations/Misc/Bird/Bird.controller using Guid(57d7147ade717f94c8e9f3637135f838) Importer(815301076,1909f56bfc062723c751e8b465ee728b)  -> (artifact id: '3612deb4ae0e9452bf5d3e9668293d06') in 0.021871 seconds
  Import took 0.025975 seconds .

========================================================================
Received Prepare
Registering precompiled user dll's ...
Registered in 0.001276 seconds.
Begin MonoManager ReloadAssembly
Native extension for WindowsStandalone target not found
Refreshing native plugins compatible for Editor in 0.59 ms, found 1 plugins.
Preloading 0 native plugins for Editor in 0.00 ms.
Invoked RoslynAnalysisRunner static constructor.
RoslynAnalysisRunner will not be running.
RoslynAnalysisRunner has terminated.
Mono: successfully reloaded assembly
- Completed reload, in  0.994 seconds
Platform modules already initialized, skipping
Refreshing native plugins compatible for Editor in 0.58 ms, found 1 plugins.
Preloading 0 native plugins for Editor in 0.00 ms.
Unloading 2234 Unused Serialized files (Serialized files now loaded: 0)
System memory in use before: 118.6 MB.
System memory in use after: 118.7 MB.

Unloading 13 unused Assets to reduce memory usage. Loaded Objects now: 2765.
Total: 2.453700 ms (FindLiveObjects: 0.279200 ms CreateObjectMapping: 0.063200 ms MarkObjects: 1.978300 ms  DeleteObjects: 0.132000 ms)

========================================================================
Received Prepare
Registering precompiled user dll's ...
Registered in 0.001256 seconds.
Begin MonoManager ReloadAssembly
Native extension for WindowsStandalone target not found
Refreshing native plugins compatible for Editor in 0.57 ms, found 1 plugins.
Preloading 0 native plugins for Editor in 0.00 ms.
Invoked RoslynAnalysisRunner static constructor.
RoslynAnalysisRunner will not be running.
RoslynAnalysisRunner has terminated.
Mono: successfully reloaded assembly
- Completed reload, in  0.992 seconds
Platform modules already initialized, skipping
Refreshing native plugins compatible for Editor in 0.63 ms, found 1 plugins.
Preloading 0 native plugins for Editor in 0.00 ms.
Unloading 2234 Unused Serialized files (Serialized files now loaded: 0)
System memory in use before: 118.6 MB.
System memory in use after: 118.7 MB.

Unloading 13 unused Assets to reduce memory usage. Loaded Objects now: 2768.
Total: 2.440500 ms (FindLiveObjects: 0.271900 ms CreateObjectMapping: 0.063700 ms MarkObjects: 1.971400 ms  DeleteObjects: 0.132300 ms)

========================================================================
Received Prepare
Registering precompiled user dll's ...
Registered in 0.001278 seconds.
Begin MonoManager ReloadAssembly
Native extension for WindowsStandalone target not found
Refreshing native plugins compatible for Editor in 0.57 ms, found 1 plugins.
Preloading 0 native plugins for Editor in 0.00 ms.
Invoked RoslynAnalysisRunner static constructor.
RoslynAnalysisRunner will not be running.
RoslynAnalysisRunner has terminated.
Mono: successfully reloaded assembly
- Completed reload, in  0.993 seconds
Platform modules already initialized, skipping
Refreshing native plugins compatible for Editor in 0.56 ms, found 1 plugins.
Preloading 0 native plugins for Editor in 0.00 ms.
Unloading 2234 Unused Serialized files (Serialized files now loaded: 0)
System memory in use before: 118.6 MB.
System memory in use after: 118.7 MB.

Unloading 13 unused Assets to reduce memory usage. Loaded Objects now: 2771.
Total: 2.384500 ms (FindLiveObjects: 0.255900 ms CreateObjectMapping: 0.064000 ms MarkObjects: 1.938700 ms  DeleteObjects: 0.125100 ms)

========================================================================
Received Import Request.
  Time since last request: 144.792201 seconds.
  path: Assets/Prefabs/Bird.prefab
  artifactKey: Guid(6041c8f59226d5e4bb72b1ecfeaef5f0) Importer(815301076,1909f56bfc062723c751e8b465ee728b)
Start importing Assets/Prefabs/Bird.prefab using Guid(6041c8f59226d5e4bb72b1ecfeaef5f0) Importer(815301076,1909f56bfc062723c751e8b465ee728b)  -> (artifact id: '70a2c91fddad75b424e0ef488457e18a') in 0.065732 seconds
  Import took 0.077923 seconds .

========================================================================
Received Prepare
Registering precompiled user dll's ...
Registered in 0.001309 seconds.
Begin MonoManager ReloadAssembly
Native extension for WindowsStandalone target not found
Refreshing native plugins compatible for Editor in 0.58 ms, found 1 plugins.
Preloading 0 native plugins for Editor in 0.00 ms.
Invoked RoslynAnalysisRunner static constructor.
RoslynAnalysisRunner will not be running.
RoslynAnalysisRunner has terminated.
Mono: successfully reloaded assembly
- Completed reload, in  0.999 seconds
Platform modules already initialized, skipping
Refreshing native plugins compatible for Editor in 0.58 ms, found 1 plugins.
Preloading 0 native plugins for Editor in 0.00 ms.
Unloading 2234 Unused Serialized files (Serialized files now loaded: 0)
System memory in use before: 118.6 MB.
System memory in use after: 118.7 MB.

Unloading 13 unused Assets to reduce memory usage. Loaded Objects now: 2775.
Total: 2.500400 ms (FindLiveObjects: 0.254400 ms CreateObjectMapping: 0.061500 ms MarkObjects: 2.051700 ms  DeleteObjects: 0.131700 ms)

========================================================================
Received Prepare
Registering precompiled user dll's ...
Registered in 0.001517 seconds.
Begin MonoManager ReloadAssembly
Native extension for WindowsStandalone target not found
Refreshing native plugins compatible for Editor in 0.58 ms, found 1 plugins.
Preloading 0 native plugins for Editor in 0.00 ms.
Invoked RoslynAnalysisRunner static constructor.
RoslynAnalysisRunner will not be running.
RoslynAnalysisRunner has terminated.
Mono: successfully reloaded assembly
- Completed reload, in  1.001 seconds
Platform modules already initialized, skipping
Refreshing native plugins compatible for Editor in 0.57 ms, found 1 plugins.
Preloading 0 native plugins for Editor in 0.00 ms.
Unloading 2234 Unused Serialized files (Serialized files now loaded: 0)
System memory in use before: 118.6 MB.
System memory in use after: 118.7 MB.

Unloading 13 unused Assets to reduce memory usage. Loaded Objects now: 2778.
Total: 2.406200 ms (FindLiveObjects: 0.258400 ms CreateObjectMapping: 0.063100 ms MarkObjects: 1.953600 ms  DeleteObjects: 0.130200 ms)

========================================================================
Received Import Request.
  Time since last request: 618.067200 seconds.
  path: Assets/Scripts/FlyingMovement.cs
  artifactKey: Guid(5b507b53c11b042409b3c454ddca1b4f) Importer(815301076,1909f56bfc062723c751e8b465ee728b)
Start importing Assets/Scripts/FlyingMovement.cs using Guid(5b507b53c11b042409b3c454ddca1b4f) Importer(815301076,1909f56bfc062723c751e8b465ee728b)  -> (artifact id: '862ca2133534cae6ad5d2598894c3628') in 0.005819 seconds
  Import took 0.009479 seconds .

========================================================================
Received Prepare
Registering precompiled user dll's ...
Registered in 0.001340 seconds.
Begin MonoManager ReloadAssembly
Native extension for WindowsStandalone target not found
Refreshing native plugins compatible for Editor in 0.61 ms, found 1 plugins.
Preloading 0 native plugins for Editor in 0.00 ms.
Invoked RoslynAnalysisRunner static constructor.
RoslynAnalysisRunner will not be running.
RoslynAnalysisRunner has terminated.
Mono: successfully reloaded assembly
- Completed reload, in  0.996 seconds
Platform modules already initialized, skipping
Refreshing native plugins compatible for Editor in 0.58 ms, found 1 plugins.
Preloading 0 native plugins for Editor in 0.00 ms.
Unloading 2234 Unused Serialized files (Serialized files now loaded: 0)
System memory in use before: 118.6 MB.
System memory in use after: 118.7 MB.

Unloading 13 unused Assets to reduce memory usage. Loaded Objects now: 2781.
Total: 2.466800 ms (FindLiveObjects: 0.252200 ms CreateObjectMapping: 0.061900 ms MarkObjects: 2.017400 ms  DeleteObjects: 0.134100 ms)

========================================================================
Received Import Request.
  Time since last request: 48.956321 seconds.
  path: Assets/Scripts/FlyingMovement.cs
  artifactKey: Guid(5b507b53c11b042409b3c454ddca1b4f) Importer(815301076,1909f56bfc062723c751e8b465ee728b)
Start importing Assets/Scripts/FlyingMovement.cs using Guid(5b507b53c11b042409b3c454ddca1b4f) Importer(815301076,1909f56bfc062723c751e8b465ee728b)  -> (artifact id: '5d014d179166ec7edb416d6d5de4302e') in 0.006063 seconds
  Import took 0.009835 seconds .

========================================================================
Received Prepare
Registering precompiled user dll's ...
Registered in 0.001381 seconds.
Begin MonoManager ReloadAssembly
Native extension for WindowsStandalone target not found
Refreshing native plugins compatible for Editor in 0.64 ms, found 1 plugins.
Preloading 0 native plugins for Editor in 0.00 ms.
Invoked RoslynAnalysisRunner static constructor.
RoslynAnalysisRunner will not be running.
RoslynAnalysisRunner has terminated.
Mono: successfully reloaded assembly
- Completed reload, in  0.996 seconds
Platform modules already initialized, skipping
Refreshing native plugins compatible for Editor in 0.57 ms, found 1 plugins.
Preloading 0 native plugins for Editor in 0.00 ms.
Unloading 2234 Unused Serialized files (Serialized files now loaded: 0)
System memory in use before: 118.7 MB.
System memory in use after: 118.7 MB.

Unloading 13 unused Assets to reduce memory usage. Loaded Objects now: 2784.
Total: 2.381500 ms (FindLiveObjects: 0.251600 ms CreateObjectMapping: 0.063000 ms MarkObjects: 1.938100 ms  DeleteObjects: 0.127700 ms)

========================================================================
Received Prepare
Registering precompiled user dll's ...
Registered in 0.001270 seconds.
Begin MonoManager ReloadAssembly
Native extension for WindowsStandalone target not found
Refreshing native plugins compatible for Editor in 0.59 ms, found 1 plugins.
Preloading 0 native plugins for Editor in 0.00 ms.
Invoked RoslynAnalysisRunner static constructor.
RoslynAnalysisRunner will not be running.
RoslynAnalysisRunner has terminated.
Mono: successfully reloaded assembly
- Completed reload, in  0.995 seconds
Platform modules already initialized, skipping
Refreshing native plugins compatible for Editor in 0.65 ms, found 1 plugins.
Preloading 0 native plugins for Editor in 0.00 ms.
Unloading 2234 Unused Serialized files (Serialized files now loaded: 0)
System memory in use before: 118.7 MB.
System memory in use after: 118.8 MB.

Unloading 13 unused Assets to reduce memory usage. Loaded Objects now: 2787.
Total: 2.392200 ms (FindLiveObjects: 0.251300 ms CreateObjectMapping: 0.062400 ms MarkObjects: 1.951800 ms  DeleteObjects: 0.125800 ms)

========================================================================
Received Import Request.
  Time since last request: 66.234651 seconds.
  path: Assets/Scripts/FlyingMovement.cs
  artifactKey: Guid(5b507b53c11b042409b3c454ddca1b4f) Importer(815301076,1909f56bfc062723c751e8b465ee728b)
Start importing Assets/Scripts/FlyingMovement.cs using Guid(5b507b53c11b042409b3c454ddca1b4f) Importer(815301076,1909f56bfc062723c751e8b465ee728b)  -> (artifact id: 'fcdf5b98759c0a9058a7dd6bd58177ef') in 0.005563 seconds
  Import took 0.016887 seconds .

========================================================================
Received Prepare
Registering precompiled user dll's ...
Registered in 0.001308 seconds.
Begin MonoManager ReloadAssembly
Native extension for WindowsStandalone target not found
Refreshing native plugins compatible for Editor in 0.58 ms, found 1 plugins.
Preloading 0 native plugins for Editor in 0.00 ms.
Invoked RoslynAnalysisRunner static constructor.
RoslynAnalysisRunner will not be running.
RoslynAnalysisRunner has terminated.
Mono: successfully reloaded assembly
- Completed reload, in  1.001 seconds
Platform modules already initialized, skipping
Refreshing native plugins compatible for Editor in 0.57 ms, found 1 plugins.
Preloading 0 native plugins for Editor in 0.00 ms.
Unloading 2234 Unused Serialized files (Serialized files now loaded: 0)
System memory in use before: 118.7 MB.
System memory in use after: 118.8 MB.

Unloading 13 unused Assets to reduce memory usage. Loaded Objects now: 2790.
Total: 2.408500 ms (FindLiveObjects: 0.264900 ms CreateObjectMapping: 0.061300 ms MarkObjects: 1.953000 ms  DeleteObjects: 0.128500 ms)

========================================================================
Received Import Request.
  Time since last request: 236.938990 seconds.
  path: Assets/Scripts/FlyingMovement.cs
  artifactKey: Guid(5b507b53c11b042409b3c454ddca1b4f) Importer(815301076,1909f56bfc062723c751e8b465ee728b)
Start importing Assets/Scripts/FlyingMovement.cs using Guid(5b507b53c11b042409b3c454ddca1b4f) Importer(815301076,1909f56bfc062723c751e8b465ee728b)  -> (artifact id: '7fb945bdf50538901b0b6427e69abadd') in 0.005849 seconds
  Import took 0.009615 seconds .

========================================================================
Received Import Request.
  Time since last request: 0.026436 seconds.
  path: Assets/Scripts/FlyingMovement.cs
  artifactKey: Guid(5b507b53c11b042409b3c454ddca1b4f) Importer(815301076,1909f56bfc062723c751e8b465ee728b)
Start importing Assets/Scripts/FlyingMovement.cs using Guid(5b507b53c11b042409b3c454ddca1b4f) Importer(815301076,1909f56bfc062723c751e8b465ee728b)  -> (artifact id: '7fb945bdf50538901b0b6427e69abadd') in 0.002371 seconds
  Import took 0.006522 seconds .

========================================================================
Received Prepare
Registering precompiled user dll's ...
Registered in 0.001292 seconds.
Begin MonoManager ReloadAssembly
Native extension for WindowsStandalone target not found
Refreshing native plugins compatible for Editor in 0.61 ms, found 1 plugins.
Preloading 0 native plugins for Editor in 0.00 ms.
Invoked RoslynAnalysisRunner static constructor.
RoslynAnalysisRunner will not be running.
RoslynAnalysisRunner has terminated.
Mono: successfully reloaded assembly
- Completed reload, in  1.012 seconds
Platform modules already initialized, skipping
Refreshing native plugins compatible for Editor in 0.57 ms, found 1 plugins.
Preloading 0 native plugins for Editor in 0.00 ms.
Unloading 2234 Unused Serialized files (Serialized files now loaded: 0)
System memory in use before: 118.7 MB.
System memory in use after: 118.8 MB.

Unloading 13 unused Assets to reduce memory usage. Loaded Objects now: 2793.
Total: 2.455600 ms (FindLiveObjects: 0.269100 ms CreateObjectMapping: 0.065400 ms MarkObjects: 1.991400 ms  DeleteObjects: 0.128800 ms)

========================================================================
Received Prepare
Registering precompiled user dll's ...
Registered in 0.001239 seconds.
Begin MonoManager ReloadAssembly
Native extension for WindowsStandalone target not found
Refreshing native plugins compatible for Editor in 0.58 ms, found 1 plugins.
Preloading 0 native plugins for Editor in 0.00 ms.
Invoked RoslynAnalysisRunner static constructor.
RoslynAnalysisRunner will not be running.
RoslynAnalysisRunner has terminated.
Mono: successfully reloaded assembly
- Completed reload, in  0.997 seconds
Platform modules already initialized, skipping
Refreshing native plugins compatible for Editor in 0.60 ms, found 1 plugins.
Preloading 0 native plugins for Editor in 0.00 ms.
Unloading 2234 Unused Serialized files (Serialized files now loaded: 0)
System memory in use before: 118.7 MB.
System memory in use after: 118.8 MB.

Unloading 13 unused Assets to reduce memory usage. Loaded Objects now: 2796.
Total: 2.388700 ms (FindLiveObjects: 0.256200 ms CreateObjectMapping: 0.061000 ms MarkObjects: 1.942600 ms  DeleteObjects: 0.128100 ms)

========================================================================
Received Prepare
Registering precompiled user dll's ...
Registered in 0.001504 seconds.
Begin MonoManager ReloadAssembly
Native extension for WindowsStandalone target not found
Refreshing native plugins compatible for Editor in 0.63 ms, found 1 plugins.
Preloading 0 native plugins for Editor in 0.00 ms.
Invoked RoslynAnalysisRunner static constructor.
RoslynAnalysisRunner will not be running.
RoslynAnalysisRunner has terminated.
Mono: successfully reloaded assembly
- Completed reload, in  0.990 seconds
Platform modules already initialized, skipping
Refreshing native plugins compatible for Editor in 0.57 ms, found 1 plugins.
Preloading 0 native plugins for Editor in 0.00 ms.
Unloading 2234 Unused Serialized files (Serialized files now loaded: 0)
System memory in use before: 118.7 MB.
System memory in use after: 118.8 MB.

Unloading 13 unused Assets to reduce memory usage. Loaded Objects now: 2799.
Total: 2.549500 ms (FindLiveObjects: 0.268000 ms CreateObjectMapping: 0.062200 ms MarkObjects: 2.083600 ms  DeleteObjects: 0.134600 ms)

========================================================================
Received Import Request.
  Time since last request: 172.649199 seconds.
  path: Assets/Prefabs/Coin.prefab
  artifactKey: Guid(ed7ba70acbeffca43b9dc684e8bb00ca) Importer(815301076,1909f56bfc062723c751e8b465ee728b)
Start importing Assets/Prefabs/Coin.prefab using Guid(ed7ba70acbeffca43b9dc684e8bb00ca) Importer(815301076,1909f56bfc062723c751e8b465ee728b)  -> (artifact id: 'b6b62fda2b4e78b4ca5e0ebf56123736') in 0.066160 seconds
  Import took 0.070111 seconds .

========================================================================
Received Import Request.
  Time since last request: 1.074688 seconds.
  path: Assets/Prefabs/Coin.prefab
  artifactKey: Guid(ed7ba70acbeffca43b9dc684e8bb00ca) Importer(815301076,1909f56bfc062723c751e8b465ee728b)
Start importing Assets/Prefabs/Coin.prefab using Guid(ed7ba70acbeffca43b9dc684e8bb00ca) Importer(815301076,1909f56bfc062723c751e8b465ee728b)  -> (artifact id: 'b6b62fda2b4e78b4ca5e0ebf56123736') in 0.016816 seconds
  Import took 0.020795 seconds .

========================================================================
Received Import Request.
  Time since last request: 0.066913 seconds.
  path: Assets/Prefabs/Coin.prefab
  artifactKey: Guid(ed7ba70acbeffca43b9dc684e8bb00ca) Importer(815301076,1909f56bfc062723c751e8b465ee728b)
Start importing Assets/Prefabs/Coin.prefab using Guid(ed7ba70acbeffca43b9dc684e8bb00ca) Importer(815301076,1909f56bfc062723c751e8b465ee728b)  -> (artifact id: 'a8096f5f9dcfbc6f61b834978a5c14a3') in 0.016231 seconds
  Import took 0.020318 seconds .

========================================================================
Received Import Request.
  Time since last request: 3.362434 seconds.
  path: Assets/Prefabs/Coin.prefab
  artifactKey: Guid(ed7ba70acbeffca43b9dc684e8bb00ca) Importer(815301076,1909f56bfc062723c751e8b465ee728b)
Start importing Assets/Prefabs/Coin.prefab using Guid(ed7ba70acbeffca43b9dc684e8bb00ca) Importer(815301076,1909f56bfc062723c751e8b465ee728b)  -> (artifact id: '7771c6ccca6fee4e2936bd25555e2de1') in 0.017718 seconds
  Import took 0.021687 seconds .

========================================================================
Received Prepare
Registering precompiled user dll's ...
Registered in 0.001305 seconds.
Begin MonoManager ReloadAssembly
Native extension for WindowsStandalone target not found
Refreshing native plugins compatible for Editor in 0.66 ms, found 1 plugins.
Preloading 0 native plugins for Editor in 0.00 ms.
Invoked RoslynAnalysisRunner static constructor.
RoslynAnalysisRunner will not be running.
RoslynAnalysisRunner has terminated.
Mono: successfully reloaded assembly
- Completed reload, in  0.995 seconds
Platform modules already initialized, skipping
Refreshing native plugins compatible for Editor in 0.60 ms, found 1 plugins.
Preloading 0 native plugins for Editor in 0.00 ms.
Unloading 2234 Unused Serialized files (Serialized files now loaded: 0)
System memory in use before: 118.7 MB.
System memory in use after: 118.8 MB.

Unloading 13 unused Assets to reduce memory usage. Loaded Objects now: 2803.
Total: 2.386900 ms (FindLiveObjects: 0.255900 ms CreateObjectMapping: 0.061700 ms MarkObjects: 1.941700 ms  DeleteObjects: 0.126500 ms)

========================================================================
Received Prepare
Registering precompiled user dll's ...
Registered in 0.001345 seconds.
Begin MonoManager ReloadAssembly
Native extension for WindowsStandalone target not found
Refreshing native plugins compatible for Editor in 0.71 ms, found 1 plugins.
Preloading 0 native plugins for Editor in 0.00 ms.
Invoked RoslynAnalysisRunner static constructor.
RoslynAnalysisRunner will not be running.
RoslynAnalysisRunner has terminated.
Mono: successfully reloaded assembly
- Completed reload, in  1.000 seconds
Platform modules already initialized, skipping
Refreshing native plugins compatible for Editor in 0.58 ms, found 1 plugins.
Preloading 0 native plugins for Editor in 0.00 ms.
Unloading 2234 Unused Serialized files (Serialized files now loaded: 0)
System memory in use before: 118.7 MB.
System memory in use after: 118.8 MB.

Unloading 13 unused Assets to reduce memory usage. Loaded Objects now: 2806.
Total: 2.493100 ms (FindLiveObjects: 0.257300 ms CreateObjectMapping: 0.061000 ms MarkObjects: 2.041800 ms  DeleteObjects: 0.131900 ms)

========================================================================
Received Prepare
Registering precompiled user dll's ...
Registered in 0.001262 seconds.
Begin MonoManager ReloadAssembly
Native extension for WindowsStandalone target not found
Refreshing native plugins compatible for Editor in 0.59 ms, found 1 plugins.
Preloading 0 native plugins for Editor in 0.00 ms.
Invoked RoslynAnalysisRunner static constructor.
RoslynAnalysisRunner will not be running.
RoslynAnalysisRunner has terminated.
Mono: successfully reloaded assembly
- Completed reload, in  0.994 seconds
Platform modules already initialized, skipping
Refreshing native plugins compatible for Editor in 0.57 ms, found 1 plugins.
Preloading 0 native plugins for Editor in 0.00 ms.
Unloading 2234 Unused Serialized files (Serialized files now loaded: 0)
System memory in use before: 118.7 MB.
System memory in use after: 118.8 MB.

Unloading 13 unused Assets to reduce memory usage. Loaded Objects now: 2809.
Total: 2.565800 ms (FindLiveObjects: 0.291000 ms CreateObjectMapping: 0.063500 ms MarkObjects: 2.078000 ms  DeleteObjects: 0.132100 ms)

========================================================================
Received Prepare
Registering precompiled user dll's ...
Registered in 0.001310 seconds.
Begin MonoManager ReloadAssembly
Native extension for WindowsStandalone target not found
Refreshing native plugins compatible for Editor in 0.62 ms, found 1 plugins.
Preloading 0 native plugins for Editor in 0.00 ms.
Invoked RoslynAnalysisRunner static constructor.
RoslynAnalysisRunner will not be running.
RoslynAnalysisRunner has terminated.
Mono: successfully reloaded assembly
- Completed reload, in  0.999 seconds
Platform modules already initialized, skipping
Refreshing native plugins compatible for Editor in 0.58 ms, found 1 plugins.
Preloading 0 native plugins for Editor in 0.00 ms.
Unloading 2234 Unused Serialized files (Serialized files now loaded: 0)
System memory in use before: 118.8 MB.
System memory in use after: 118.8 MB.

Unloading 13 unused Assets to reduce memory usage. Loaded Objects now: 2812.
Total: 2.503200 ms (FindLiveObjects: 0.251200 ms CreateObjectMapping: 0.062600 ms MarkObjects: 2.057900 ms  DeleteObjects: 0.130400 ms)

========================================================================
Received Prepare
Registering precompiled user dll's ...
Registered in 0.001321 seconds.
Begin MonoManager ReloadAssembly
Native extension for WindowsStandalone target not found
Refreshing native plugins compatible for Editor in 0.68 ms, found 1 plugins.
Preloading 0 native plugins for Editor in 0.00 ms.
Invoked RoslynAnalysisRunner static constructor.
RoslynAnalysisRunner will not be running.
RoslynAnalysisRunner has terminated.
Mono: successfully reloaded assembly
- Completed reload, in  0.995 seconds
Platform modules already initialized, skipping
Refreshing native plugins compatible for Editor in 0.60 ms, found 1 plugins.
Preloading 0 native plugins for Editor in 0.00 ms.
Unloading 2234 Unused Serialized files (Serialized files now loaded: 0)
System memory in use before: 118.8 MB.
System memory in use after: 118.9 MB.

Unloading 13 unused Assets to reduce memory usage. Loaded Objects now: 2815.
Total: 2.406400 ms (FindLiveObjects: 0.265900 ms CreateObjectMapping: 0.063800 ms MarkObjects: 1.947300 ms  DeleteObjects: 0.128500 ms)

========================================================================
Received Prepare
Registering precompiled user dll's ...
Registered in 0.001275 seconds.
Begin MonoManager ReloadAssembly
Native extension for WindowsStandalone target not found
Refreshing native plugins compatible for Editor in 0.59 ms, found 1 plugins.
Preloading 0 native plugins for Editor in 0.00 ms.
Invoked RoslynAnalysisRunner static constructor.
RoslynAnalysisRunner will not be running.
RoslynAnalysisRunner has terminated.
Mono: successfully reloaded assembly
- Completed reload, in  1.012 seconds
Platform modules already initialized, skipping
Refreshing native plugins compatible for Editor in 0.58 ms, found 1 plugins.
Preloading 0 native plugins for Editor in 0.00 ms.
Unloading 2234 Unused Serialized files (Serialized files now loaded: 0)
System memory in use before: 118.8 MB.
System memory in use after: 118.9 MB.

Unloading 13 unused Assets to reduce memory usage. Loaded Objects now: 2818.
Total: 2.407600 ms (FindLiveObjects: 0.257900 ms CreateObjectMapping: 0.060800 ms MarkObjects: 1.961100 ms  DeleteObjects: 0.127000 ms)

========================================================================
Received Prepare
Registering precompiled user dll's ...
Registered in 0.001313 seconds.
Begin MonoManager ReloadAssembly
Native extension for WindowsStandalone target not found
Refreshing native plugins compatible for Editor in 0.58 ms, found 1 plugins.
Preloading 0 native plugins for Editor in 0.00 ms.
Invoked RoslynAnalysisRunner static constructor.
RoslynAnalysisRunner will not be running.
RoslynAnalysisRunner has terminated.
Mono: successfully reloaded assembly
- Completed reload, in  1.005 seconds
Platform modules already initialized, skipping
Refreshing native plugins compatible for Editor in 0.57 ms, found 1 plugins.
Preloading 0 native plugins for Editor in 0.00 ms.
Unloading 2234 Unused Serialized files (Serialized files now loaded: 0)
System memory in use before: 118.8 MB.
System memory in use after: 118.9 MB.

Unloading 13 unused Assets to reduce memory usage. Loaded Objects now: 2821.
Total: 2.469700 ms (FindLiveObjects: 0.259900 ms CreateObjectMapping: 0.063100 ms MarkObjects: 2.013900 ms  DeleteObjects: 0.131900 ms)

========================================================================
Received Prepare
Registering precompiled user dll's ...
Registered in 0.001312 seconds.
Begin MonoManager ReloadAssembly
Native extension for WindowsStandalone target not found
Refreshing native plugins compatible for Editor in 0.64 ms, found 1 plugins.
Preloading 0 native plugins for Editor in 0.00 ms.
Invoked RoslynAnalysisRunner static constructor.
RoslynAnalysisRunner will not be running.
RoslynAnalysisRunner has terminated.
Mono: successfully reloaded assembly
- Completed reload, in  0.991 seconds
Platform modules already initialized, skipping
Refreshing native plugins compatible for Editor in 0.57 ms, found 1 plugins.
Preloading 0 native plugins for Editor in 0.00 ms.
Unloading 2234 Unused Serialized files (Serialized files now loaded: 0)
System memory in use before: 118.8 MB.
System memory in use after: 118.9 MB.

Unloading 13 unused Assets to reduce memory usage. Loaded Objects now: 2824.
Total: 2.595500 ms (FindLiveObjects: 0.330400 ms CreateObjectMapping: 0.062600 ms MarkObjects: 2.068400 ms  DeleteObjects: 0.133100 ms)

========================================================================
Received Prepare
Registering precompiled user dll's ...
Registered in 0.001320 seconds.
Begin MonoManager ReloadAssembly
Native extension for WindowsStandalone target not found
Refreshing native plugins compatible for Editor in 0.58 ms, found 1 plugins.
Preloading 0 native plugins for Editor in 0.00 ms.
Invoked RoslynAnalysisRunner static constructor.
RoslynAnalysisRunner will not be running.
RoslynAnalysisRunner has terminated.
Mono: successfully reloaded assembly
- Completed reload, in  1.010 seconds
Platform modules already initialized, skipping
Refreshing native plugins compatible for Editor in 0.57 ms, found 1 plugins.
Preloading 0 native plugins for Editor in 0.00 ms.
Unloading 2234 Unused Serialized files (Serialized files now loaded: 0)
System memory in use before: 118.8 MB.
System memory in use after: 118.9 MB.

Unloading 13 unused Assets to reduce memory usage. Loaded Objects now: 2827.
Total: 2.525700 ms (FindLiveObjects: 0.267100 ms CreateObjectMapping: 0.062500 ms MarkObjects: 2.061900 ms  DeleteObjects: 0.133200 ms)

========================================================================
Received Prepare
Registering precompiled user dll's ...
Registered in 0.001283 seconds.
Begin MonoManager ReloadAssembly
Native extension for WindowsStandalone target not found
Refreshing native plugins compatible for Editor in 0.64 ms, found 1 plugins.
Preloading 0 native plugins for Editor in 0.00 ms.
Invoked RoslynAnalysisRunner static constructor.
RoslynAnalysisRunner will not be running.
RoslynAnalysisRunner has terminated.
Mono: successfully reloaded assembly
- Completed reload, in  1.044 seconds
Platform modules already initialized, skipping
Refreshing native plugins compatible for Editor in 0.60 ms, found 1 plugins.
Preloading 0 native plugins for Editor in 0.00 ms.
Unloading 2234 Unused Serialized files (Serialized files now loaded: 0)
System memory in use before: 118.8 MB.
System memory in use after: 118.9 MB.

Unloading 13 unused Assets to reduce memory usage. Loaded Objects now: 2830.
Total: 2.454600 ms (FindLiveObjects: 0.281700 ms CreateObjectMapping: 0.063000 ms MarkObjects: 1.976800 ms  DeleteObjects: 0.131900 ms)

========================================================================
Received Prepare
Registering precompiled user dll's ...
Registered in 0.001617 seconds.
Begin MonoManager ReloadAssembly
Native extension for WindowsStandalone target not found
Refreshing native plugins compatible for Editor in 0.66 ms, found 1 plugins.
Preloading 0 native plugins for Editor in 0.00 ms.
Invoked RoslynAnalysisRunner static constructor.
RoslynAnalysisRunner will not be running.
RoslynAnalysisRunner has terminated.
Mono: successfully reloaded assembly
- Completed reload, in  1.150 seconds
Platform modules already initialized, skipping
Refreshing native plugins compatible for Editor in 0.66 ms, found 1 plugins.
Preloading 0 native plugins for Editor in 0.00 ms.
Unloading 2234 Unused Serialized files (Serialized files now loaded: 0)
System memory in use before: 118.8 MB.
System memory in use after: 118.9 MB.

Unloading 13 unused Assets to reduce memory usage. Loaded Objects now: 2833.
Total: 3.407900 ms (FindLiveObjects: 0.315500 ms CreateObjectMapping: 0.070400 ms MarkObjects: 2.875300 ms  DeleteObjects: 0.145100 ms)

========================================================================
Received Prepare
Registering precompiled user dll's ...
Registered in 0.001291 seconds.
Begin MonoManager ReloadAssembly
Native extension for WindowsStandalone target not found
Refreshing native plugins compatible for Editor in 0.59 ms, found 1 plugins.
Preloading 0 native plugins for Editor in 0.00 ms.
Invoked RoslynAnalysisRunner static constructor.
RoslynAnalysisRunner will not be running.
RoslynAnalysisRunner has terminated.
Mono: successfully reloaded assembly
- Completed reload, in  1.006 seconds
Platform modules already initialized, skipping
Refreshing native plugins compatible for Editor in 0.58 ms, found 1 plugins.
Preloading 0 native plugins for Editor in 0.00 ms.
Unloading 2234 Unused Serialized files (Serialized files now loaded: 0)
System memory in use before: 118.8 MB.
System memory in use after: 118.9 MB.

Unloading 13 unused Assets to reduce memory usage. Loaded Objects now: 2836.
Total: 2.630800 ms (FindLiveObjects: 0.315900 ms CreateObjectMapping: 0.065900 ms MarkObjects: 2.108600 ms  DeleteObjects: 0.139200 ms)

